Using pre-set license
Built from '2020.2/staging' branch; Version is '2020.2.6f1 (8a2143876886) revision 9052483'; Using compiler version '192528614'; Build Type 'Release'
OS: 'Windows 10 Pro; OS build 19041.1052; Version 2004; 64bit' Language: 'tr' Physical Memory: 8126 MB
BatchMode: 1, IsHumanControllingUs: 0, StartBugReporterOnCrash: 0, Is64bit: 1, IsPro: 0

 COMMAND LINE ARGUMENTS:
C:\Program Files\Unity\Hub\Editor\2020.2.6f1\Editor\Unity.exe
-adb2
-batchMode
-noUpm
-name
AssetImportWorker0
-projectPath
C:/Users/user/Great Striker
-logFile
Logs/AssetImportWorker0.log
-srvPort
53714
Successfully changed project path to: C:/Users/user/Great Striker
C:/Users/user/Great Striker
Using Asset Import Pipeline V2.
Refreshing native plugins compatible for Editor in 24.35 ms, found 0 plugins.
Preloading 0 native plugins for Editor in 0.00 ms.
Initialize engine version: 2020.2.6f1 (8a2143876886)
[Subsystems] Discovering subsystems at path C:/Program Files/Unity/Hub/Editor/2020.2.6f1/Editor/Data/Resources/UnitySubsystems
[Subsystems] Discovering subsystems at path C:/Users/user/Great Striker/Assets
GfxDevice: creating device client; threaded=0
Direct3D:
    Version:  Direct3D 11.0 [level 11.1]
    Renderer: NVIDIA GeForce GTX 1650 (ID=0x1f0a)
    Vendor:   
    VRAM:     3961 MB
    Driver:   27.21.14.6647
Initialize mono
Mono path[0] = 'C:/Program Files/Unity/Hub/Editor/2020.2.6f1/Editor/Data/Managed'
Mono path[1] = 'C:/Program Files/Unity/Hub/Editor/2020.2.6f1/Editor/Data/MonoBleedingEdge/lib/mono/unityjit'
Mono config path = 'C:/Program Files/Unity/Hub/Editor/2020.2.6f1/Editor/Data/MonoBleedingEdge/etc'
Using monoOptions --debugger-agent=transport=dt_socket,embedding=1,server=y,suspend=n,address=127.0.0.1:56420
Begin MonoManager ReloadAssembly
Registering precompiled unity dll's ...
Register platform support module: C:/Program Files/Unity/Hub/Editor/2020.2.6f1/Editor/Data/PlaybackEngines/WindowsStandaloneSupport/UnityEditor.WindowsStandalone.Extensions.dll
Registered in 0.001647 seconds.
Native extension for WindowsStandalone target not found
Refreshing native plugins compatible for Editor in 25.08 ms, found 0 plugins.
Preloading 0 native plugins for Editor in 0.00 ms.
Invoked RoslynAnalysisRunner static constructor.
RoslynAnalysisRunner will not be running.
RoslynAnalysisRunner has terminated.
Mono: successfully reloaded assembly
- Completed reload, in  1.701 seconds
Platform modules already initialized, skipping
Registering precompiled user dll's ...
Registered in 0.000565 seconds.
Begin MonoManager ReloadAssembly
Native extension for WindowsStandalone target not found
Refreshing native plugins compatible for Editor in 0.23 ms, found 0 plugins.
Preloading 0 native plugins for Editor in 0.00 ms.
Invoked RoslynAnalysisRunner static constructor.
RoslynAnalysisRunner will not be running.
RoslynAnalysisRunner has terminated.
Mono: successfully reloaded assembly
- Completed reload, in  0.693 seconds
Platform modules already initialized, skipping
========================================================================
Worker process is ready to serve import requests
Launched and connected shader compiler UnityShaderCompiler.exe after 0.04 seconds
Refreshing native plugins compatible for Editor in 0.23 ms, found 0 plugins.
Preloading 0 native plugins for Editor in 0.00 ms.
Unloading 1128 Unused Serialized files (Serialized files now loaded: 0)
System memory in use before: 60.4 MB.
System memory in use after: 60.4 MB.

Unloading 10 unused Assets to reduce memory usage. Loaded Objects now: 1572.
Total: 1.602200 ms (FindLiveObjects: 0.159100 ms CreateObjectMapping: 0.030300 ms MarkObjects: 1.320400 ms  DeleteObjects: 0.091200 ms)

========================================================================
Received Import Request.
  path: Assets/Scripts/Menu.cs
  artifactKey: Guid(dbf130d8ab422fe419f1768189adf756) Importer(815301076,1909f56bfc062723c751e8b465ee728b)
Start importing Assets/Scripts/Menu.cs using Guid(dbf130d8ab422fe419f1768189adf756) Importer(815301076,1909f56bfc062723c751e8b465ee728b)  -> (artifact id: 'ca31d3c0304e162d284c88f4c2621358') in 0.025172 seconds
  Import took 0.027988 seconds .

========================================================================
Received Prepare
Registering precompiled user dll's ...
Registered in 0.000597 seconds.
Begin MonoManager ReloadAssembly
Native extension for WindowsStandalone target not found
Refreshing native plugins compatible for Editor in 0.31 ms, found 0 plugins.
Preloading 0 native plugins for Editor in 0.00 ms.
Invoked RoslynAnalysisRunner static constructor.
RoslynAnalysisRunner will not be running.
RoslynAnalysisRunner has terminated.
Mono: successfully reloaded assembly
- Completed reload, in  0.657 seconds
Platform modules already initialized, skipping
Refreshing native plugins compatible for Editor in 0.23 ms, found 0 plugins.
Preloading 0 native plugins for Editor in 0.00 ms.
Unloading 1105 Unused Serialized files (Serialized files now loaded: 0)
System memory in use before: 59.0 MB.
System memory in use after: 59.0 MB.

Unloading 5 unused Assets to reduce memory usage. Loaded Objects now: 1574.
Total: 1.825500 ms (FindLiveObjects: 0.169100 ms CreateObjectMapping: 0.027600 ms MarkObjects: 1.547200 ms  DeleteObjects: 0.080300 ms)

========================================================================
Received Import Request.
  Time since last request: 848.004333 seconds.
  path: Assets/Scenes/Level1.unity
  artifactKey: Guid(9fc0d4010bbf28b4594072e72b8655ab) Importer(815301076,1909f56bfc062723c751e8b465ee728b)
Start importing Assets/Scenes/Level1.unity using Guid(9fc0d4010bbf28b4594072e72b8655ab) Importer(815301076,1909f56bfc062723c751e8b465ee728b)  -> (artifact id: '5769135e0f4b3c3ce08927e6b56a991c') in 0.015090 seconds
  Import took 0.017958 seconds .

========================================================================
Received Import Request.
  Time since last request: 927.317397 seconds.
  path: Assets/Scenes/Level2.unity
  artifactKey: Guid(4589864b63a2ef34a8f2173b5bdb404e) Importer(815301076,1909f56bfc062723c751e8b465ee728b)
Start importing Assets/Scenes/Level2.unity using Guid(4589864b63a2ef34a8f2173b5bdb404e) Importer(815301076,1909f56bfc062723c751e8b465ee728b)  -> (artifact id: '516c8303c8cb3c386843082d20ed6af4') in 0.009395 seconds
  Import took 0.012308 seconds .

========================================================================
Received Import Request.
  Time since last request: 1958.543492 seconds.
  path: Assets/Scripts/Top.cs
  artifactKey: Guid(91aceff57b4dafb4f8d14c2efcec2a39) Importer(815301076,1909f56bfc062723c751e8b465ee728b)
Start importing Assets/Scripts/Top.cs using Guid(91aceff57b4dafb4f8d14c2efcec2a39) Importer(815301076,1909f56bfc062723c751e8b465ee728b)  -> (artifact id: 'cd832ea399df22c4c70336b65a282797') in 0.009451 seconds
  Import took 0.012616 seconds .

AssetImportWorkerClient::OnTransportError - code=2 error=End of file
